[16730054] Using port 4461
Server waiting for client
Connected player with UUID Red-Perpentine
Assigned index 0
Server waiting for client
Connected player with UUID Blue-Perpentine
Assigned index 1
Server waiting for client
Connected player with UUID Green-Perpentine
Assigned index 2
Server waiting for client
Connected player with UUID Purple-Perpentine
Assigned index 3
[16730945] Processing the map...
[16731048] Initializing controllers...
[16731052] Initializing the game...
[0] Red-Perpentine (Comm open) - sending GET_READY...
[0] Red-Perpentine (Comm open) - Ready!
[1] Blue-Perpentine (Comm open) - sending GET_READY...
[1] Blue-Perpentine (Comm open) - Ready!
[2] Green-Perpentine (Comm open) - sending GET_READY...
[2] Green-Perpentine (Comm open) - Ready!
[3] Purple-Perpentine (Comm open) - sending GET_READY...
[3] Purple-Perpentine (Comm open) - Ready!
[16731614] Turn number: 0
[16731614] ----------------------------------------------------
[16732299] Turn number: 1
[16732299] ----------------------------------------------------
[16733000] Turn number: 2
[16733001] ----------------------------------------------------
[16733699] Turn number: 3
[16733699] Empty move from player 0
[16733704] Empty move from player 2
[16733704] Empty move from player 3
[16733704] ----------------------------------------------------
[16734389] Turn number: 4
[16734390] Empty move from player 0
[16734390] Empty move from player 2
[16734390] Empty move from player 3
[16734390] ----------------------------------------------------
[16735069] Turn number: 5
[16735069] Empty move from player 0
[16735070] Empty move from player 2
[16735070] Empty move from player 3
[16735072] ----------------------------------------------------
[16735674] Blue-Perpentine Acquired Territory, now at  (27, 4)
[16735764] Turn number: 6
[16735765] Empty move from player 0
[16735765] Empty move from player 2
[16735765] Empty move from player 3
[16735765] ----------------------------------------------------
[16736432] Turn number: 7
[16736433] Empty move from player 0
[16736433] Empty move from player 2
[16736433] Empty move from player 3
[16736433] ----------------------------------------------------
[16737114] Turn number: 8
[16737114] Empty move from player 0
[16737114] Empty move from player 2
[16737114] Empty move from player 3
[16737114] ----------------------------------------------------
[16737797] Turn number: 9
[16737797] Empty move from player 0
[16737797] Empty move from player 2
[16737798] Empty move from player 3
[16737799] ----------------------------------------------------
[16738475] Turn number: 10
[16738475] Empty move from player 0
[16738475] Empty move from player 2
[16738475] Empty move from player 3
[16738475] ----------------------------------------------------
[16739139] Turn number: 11
[16739139] Empty move from player 0
[16739139] Empty move from player 2
[16739141] Empty move from player 3
[16739141] ----------------------------------------------------
[16739744] Blue-Perpentine Acquired Territory, now at  (25, 4)
[16739819] Turn number: 12
[16739819] Empty move from player 0
[16739819] Empty move from player 2
[16739819] Empty move from player 3
[16739819] ----------------------------------------------------
[16740501] Turn number: 13
[16740501] Empty move from player 0
[16740502] Empty move from player 2
[16740502] Empty move from player 3
[16740502] ----------------------------------------------------
[16741170] Turn number: 14
[16741170] Empty move from player 0
[16741170] Empty move from player 2
[16741170] Empty move from player 3
[16741170] ----------------------------------------------------
[16741841] Turn number: 15
[16741841] Empty move from player 0
[16741842] Empty move from player 2
[16741843] Empty move from player 3
[16741843] ----------------------------------------------------
[16742573] Turn number: 16
[16742574] Empty move from player 0
[16742574] Empty move from player 2
[16742574] Empty move from player 3
[16742574] ----------------------------------------------------
[16743201] Turn number: 17
[16743202] Empty move from player 0
[16743202] Empty move from player 2
[16743202] Empty move from player 3
[16743202] ----------------------------------------------------
[16743803] Blue-Perpentine Acquired Territory, now at  (25, 2)
[16743861] Turn number: 18
[16743862] Empty move from player 0
[16743862] Empty move from player 2
[16743862] Empty move from player 3
[16743862] ----------------------------------------------------
[16744530] Turn number: 19
[16744530] Empty move from player 0
[16744531] Empty move from player 2
[16744531] Empty move from player 3
[16744531] ----------------------------------------------------
[16745200] Turn number: 20
[16745201] Empty move from player 0
[16745201] Empty move from player 2
[16745201] Empty move from player 3
[16745201] ----------------------------------------------------
[16745878] Turn number: 21
[16745878] Empty move from player 0
[16745878] Empty move from player 2
[16745878] Empty move from player 3
[16745878] ----------------------------------------------------
[16746553] Turn number: 22
[16746555] Empty move from player 0
[16746555] Empty move from player 2
[16746555] Empty move from player 3
[16746555] ----------------------------------------------------
[16747157] Red-Perpentine Died at  (26, 3)
[16747158] Red-Perpentine Head on Collision at  (-1, -1)
[16747158] Green-Perpentine Died at  (26, 3)
[16747158] Green-Perpentine Head on Collision at  (-1, -1)
[16747216] Turn number: 23
[16747217] Empty move from player 3
[16747217] ----------------------------------------------------
[16747882] Turn number: 24
[16747883] Empty move from player 3
[16747883] ----------------------------------------------------
[16748484] Blue-Perpentine Acquired Territory, now at  (26, 6)
[16748550] Turn number: 25
[16748550] Empty move from player 3
[16748550] ----------------------------------------------------
[16749216] Turn number: 26
[16749217] Empty move from player 3
[16749217] ----------------------------------------------------
[16749893] Turn number: 27
[16749894] Empty move from player 3
[16749894] ----------------------------------------------------
